<?xml version="1.0" encoding="UTF-8"?>
<!-- Generated by org.testng.reporters.JUnitReportReporter -->
<testsuite hostname="NGANDANG-ITC-APP.local" failures="0" tests="1" name="MiniAppCenter.TestCases.RegisterMiniAppTest" time="8.106" errors="0" timestamp="2022-09-20T14:22:19 ICT" skipped="0">
  <testcase classname="MiniAppCenter.TestCases.RegisterMiniAppTest" name="registerMiniAppPlanSuccess" time="8.106"/>
  <system-out/>
</testsuite> <!-- MiniAppCenter.TestCases.RegisterMiniAppTest -->
