<?xml version="1.0" encoding="UTF-8"?>
<!-- Generated by org.testng.reporters.JUnitReportReporter -->
<testsuite hostname="NGANDANG-ITC-APP.local" failures="0" tests="1" name="MiniAppCenter.TestCases.BuildMiniAppTest" time="289.949" errors="0" timestamp="2022-10-25T17:38:45 ICT" skipped="0">
  <testcase classname="MiniAppCenter.TestCases.BuildMiniAppTest" name="buildMiniappReactNative" time="289.949"/>
  <system-out/>
</testsuite> <!-- MiniAppCenter.TestCases.BuildMiniAppTest -->
