<?xml version="1.0" encoding="UTF-8"?>
<!-- Generated by org.testng.reporters.JUnitReportReporter -->
<testsuite hostname="NGANDANG-ITC-APP.local" failures="0" tests="2" name="MiniAppCenter.TestCases.RolloutRequestTest" time="133.793" errors="0" timestamp="2022-10-25T17:38:45 ICT" skipped="0">
  <testcase classname="MiniAppCenter.TestCases.RolloutRequestTest" name="rolloutRequestWebApp" time="51.405"/>
  <system-out/>
  <testcase classname="MiniAppCenter.TestCases.RolloutRequestTest" name="approveRolloutRequestWebApp" time="82.388"/>
  <system-out/>
</testsuite> <!-- MiniAppCenter.TestCases.RolloutRequestTest -->
